<?xml version="1.0" encoding="UTF-8"?>
<!-- Generated by org.testng.reporters.JUnitXMLReporter -->
<testsuite ignored="5" hostname="LAPTOP-TM6K18J0" failures="1" tests="3" name="TestAll" time="59.865" errors="0" timestamp="2023-05-14T01:07:47 IST">
  <testcase classname="com.testcases.OrderPageTest" name="orderPageValidation" time="12.11"/>
  <testcase classname="com.testcases.AddCartTest" name="addToCartValidation" time="9.698"/>
  <testcase classname="com.testcases.EndToEndTest" name="endToEndValidation" time="28.312">
    <failure type="java.lang.AssertionError" message="expected [Your order on My Store uncom] but found [Your order on My Store is complete.]">
      <![CDATA[java.lang.AssertionError: expected [Your order on My Store uncom] but found [Your order on My Store is complete.]
at com.testcases.EndToEndTest.endToEndValidation(EndToEndTest.java:53)
at java.base/java.util.ArrayList.forEach(ArrayList.java:1511)
... Removed 37 stack frames]]>
    </failure>
  </testcase> <!-- endToEndValidation -->
  <testcase classname="com.testcases.SearchPageTest" name="SearchPagevalidation" time="0.0">
    <ignored/>
  </testcase> <!-- SearchPagevalidation -->
  <testcase classname="com.testcases.IndexTest" name="indexValidation" time="0.0">
    <ignored/>
  </testcase> <!-- indexValidation -->
  <testcase classname="com.testcases.LoginTest" name="loginValidation" time="0.0">
    <ignored/>
  </testcase> <!-- loginValidation -->
  <testcase classname="com.testcases.AccountCreateTest" name="AccountPageValidation" time="0.0">
    <ignored/>
  </testcase> <!-- AccountPageValidation -->
  <testcase classname="com.testcases.HomePageTest" name="orderDetailsvalidation" time="0.0">
    <ignored/>
  </testcase> <!-- orderDetailsvalidation -->
</testsuite> <!-- TestAll -->
