<?xml version="1.0" encoding="UTF-8"?>
<testng-results ignored="5" total="8" passed="2" failed="1" skipped="0">
  <reporter-output>
  </reporter-output>
  <suite started-at="2023-05-14T01:06:47 IST" name="Suite" finished-at="2023-05-14T01:07:47 IST" duration-ms="59865">
    <groups>
      <group name="Sanity">
        <method signature="AddCartTest.addToCartValidation()[pri:0, instance:com.testcases.AddCartTest@1bc425e7]" name="addToCartValidation" class="com.testcases.AddCartTest"/>
      </group> <!-- Sanity -->
      <group name="Regression">
        <method signature="AddCartTest.addToCartValidation()[pri:0, instance:com.testcases.AddCartTest@1bc425e7]" name="addToCartValidation" class="com.testcases.AddCartTest"/>
        <method signature="EndToEndTest.endToEndValidation()[pri:0, instance:com.testcases.EndToEndTest@d176a31]" name="endToEndValidation" class="com.testcases.EndToEndTest"/>
        <method signature="OrderPageTest.orderPageValidation()[pri:0, instance:com.testcases.OrderPageTest@614aeccc]" name="orderPageValidation" class="com.testcases.OrderPageTest"/>
      </group> <!-- Regression -->
    </groups>
    <test started-at="2023-05-14T01:06:47 IST" name="TestAll" finished-at="2023-05-14T01:07:47 IST" duration-ms="59865">
      <class name="com.testcases.LoginTest">
        <test-method is-config="true" signature="teardown()[pri:0, instance:com.testcases.LoginTest@426e505c]" started-at="2023-05-14T01:07:47 IST" name="teardown" finished-at="2023-05-14T01:07:47 IST" duration-ms="0" status="PASS">
          <reporter-output>
          </reporter-output>
        </test-method> <!-- teardown -->
      </class> <!-- com.testcases.LoginTest -->
      <class name="com.testcases.HomePageTest">
        <test-method is-config="true" signature="teardown()[pri:0, instance:com.testcases.HomePageTest@1763992e]" started-at="2023-05-14T01:07:47 IST" name="teardown" finished-at="2023-05-14T01:07:47 IST" duration-ms="0" status="PASS">
          <reporter-output>
          </reporter-output>
        </test-method> <!-- teardown -->
      </class> <!-- com.testcases.HomePageTest -->
      <class name="com.testcases.AccountCreateTest">
        <test-method is-config="true" signature="teardown()[pri:0, instance:com.testcases.AccountCreateTest@5b022357]" started-at="2023-05-14T01:07:47 IST" name="teardown" finished-at="2023-05-14T01:07:47 IST" duration-ms="254" status="PASS">
          <reporter-output>
          </reporter-output>
        </test-method> <!-- teardown -->
      </class> <!-- com.testcases.AccountCreateTest -->
      <class name="com.testcases.IndexTest">
        <test-method is-config="true" signature="teardown()[pri:0, instance:com.testcases.IndexTest@6f8e0cee]" started-at="2023-05-14T01:07:47 IST" name="teardown" finished-at="2023-05-14T01:07:47 IST" duration-ms="0" status="PASS">
          <reporter-output>
          </reporter-output>
        </test-method> <!-- teardown -->
      </class> <!-- com.testcases.IndexTest -->
      <class name="com.testcases.OrderPageTest">
        <test-method is-config="true" signature="setup()[pri:0, instance:com.testcases.OrderPageTest@614aeccc]" started-at="2023-05-14T01:06:47 IST" name="setup" finished-at="2023-05-14T01:06:53 IST" duration-ms="5975" status="PASS">
          <reporter-output>
          </reporter-output>
        </test-method> <!-- setup -->
        <test-method signature="orderPageValidation()[pri:0, instance:com.testcases.OrderPageTest@614aeccc]" started-at="2023-05-14T01:06:53 IST" name="orderPageValidation" finished-at="2023-05-14T01:07:06 IST" duration-ms="12110" status="PASS">
          <reporter-output>
          </reporter-output>
        </test-method> <!-- orderPageValidation -->
        <test-method is-config="true" signature="teardown()[pri:0, instance:com.testcases.OrderPageTest@614aeccc]" started-at="2023-05-14T01:07:47 IST" name="teardown" finished-at="2023-05-14T01:07:47 IST" duration-ms="4" status="PASS">
          <reporter-output>
          </reporter-output>
        </test-method> <!-- teardown -->
      </class> <!-- com.testcases.OrderPageTest -->
      <class name="com.testcases.SearchPageTest">
        <test-method is-config="true" signature="teardown()[pri:0, instance:com.testcases.SearchPageTest@5116ac09]" started-at="2023-05-14T01:07:47 IST" name="teardown" finished-at="2023-05-14T01:07:47 IST" duration-ms="0" status="PASS">
          <reporter-output>
          </reporter-output>
        </test-method> <!-- teardown -->
      </class> <!-- com.testcases.SearchPageTest -->
      <class name="com.testcases.AddCartTest">
        <test-method is-config="true" signature="setup()[pri:0, instance:com.testcases.AddCartTest@1bc425e7]" started-at="2023-05-14T01:07:06 IST" name="setup" finished-at="2023-05-14T01:07:07 IST" duration-ms="1429" status="PASS">
          <reporter-output>
          </reporter-output>
        </test-method> <!-- setup -->
        <test-method signature="addToCartValidation()[pri:0, instance:com.testcases.AddCartTest@1bc425e7]" started-at="2023-05-14T01:07:07 IST" name="addToCartValidation" finished-at="2023-05-14T01:07:17 IST" duration-ms="9698" status="PASS">
          <reporter-output>
          </reporter-output>
        </test-method> <!-- addToCartValidation -->
        <test-method is-config="true" signature="teardown()[pri:0, instance:com.testcases.AddCartTest@1bc425e7]" started-at="2023-05-14T01:07:47 IST" name="teardown" finished-at="2023-05-14T01:07:47 IST" duration-ms="0" status="PASS">
          <reporter-output>
          </reporter-output>
        </test-method> <!-- teardown -->
      </class> <!-- com.testcases.AddCartTest -->
      <class name="com.testcases.EndToEndTest">
        <test-method is-config="true" signature="setup()[pri:0, instance:com.testcases.EndToEndTest@d176a31]" started-at="2023-05-14T01:07:17 IST" name="setup" finished-at="2023-05-14T01:07:18 IST" duration-ms="1561" status="PASS">
          <reporter-output>
          </reporter-output>
        </test-method> <!-- setup -->
        <test-method signature="endToEndValidation()[pri:0, instance:com.testcases.EndToEndTest@d176a31]" started-at="2023-05-14T01:07:18 IST" name="endToEndValidation" finished-at="2023-05-14T01:07:47 IST" duration-ms="28312" status="FAIL">
          <exception class="java.lang.AssertionError">
            <message>
              <![CDATA[expected [Your order on My Store uncom] but found [Your order on My Store is complete.]]]>
            </message>
            <full-stacktrace>
              <![CDATA[java.lang.AssertionError: expected [Your order on My Store uncom] but found [Your order on My Store is complete.]
at org.testng.Assert.fail(Assert.java:99)
at org.testng.Assert.failNotEquals(Assert.java:1037)
at org.testng.Assert.assertEqualsImpl(Assert.java:140)
at org.testng.Assert.assertEquals(Assert.java:122)
at org.testng.Assert.assertEquals(Assert.java:629)
at org.testng.Assert.assertEquals(Assert.java:639)
at com.testcases.EndToEndTest.endToEndValidation(EndToEndTest.java:53)
at java.base/jdk.internal.reflect.NativeMethodAccessorImpl.invoke0(Native Method)
at java.base/jdk.internal.reflect.NativeMethodAccessorImpl.invoke(NativeMethodAccessorImpl.java:77)
at java.base/jdk.internal.reflect.DelegatingMethodAccessorImpl.invoke(DelegatingMethodAccessorImpl.java:43)
at java.base/java.lang.reflect.Method.invoke(Method.java:568)
at org.testng.internal.MethodInvocationHelper.invokeMethod(MethodInvocationHelper.java:133)
at org.testng.internal.TestInvoker.invokeMethod(TestInvoker.java:598)
at org.testng.internal.TestInvoker.invokeTestMethod(TestInvoker.java:173)
at org.testng.internal.MethodRunner.runInSequence(MethodRunner.java:46)
at org.testng.internal.TestInvoker$MethodInvocationAgent.invoke(TestInvoker.java:824)
at org.testng.internal.TestInvoker.invokeTestMethods(TestInvoker.java:146)
at org.testng.internal.TestMethodWorker.invokeTestMethods(TestMethodWorker.java:146)
at org.testng.internal.TestMethodWorker.run(TestMethodWorker.java:128)
at java.base/java.util.ArrayList.forEach(ArrayList.java:1511)
at org.testng.TestRunner.privateRun(TestRunner.java:794)
at org.testng.TestRunner.run(TestRunner.java:596)
at org.testng.SuiteRunner.runTest(SuiteRunner.java:377)
at org.testng.SuiteRunner.runSequentially(SuiteRunner.java:371)
at org.testng.SuiteRunner.privateRun(SuiteRunner.java:332)
at org.testng.SuiteRunner.run(SuiteRunner.java:276)
at org.testng.SuiteRunnerWorker.runSuite(SuiteRunnerWorker.java:53)
at org.testng.SuiteRunnerWorker.run(SuiteRunnerWorker.java:96)
at org.testng.TestNG.runSuitesSequentially(TestNG.java:1212)
at org.testng.TestNG.runSuitesLocally(TestNG.java:1134)
at org.testng.TestNG.runSuites(TestNG.java:1063)
at org.testng.TestNG.run(TestNG.java:1031)
at org.apache.maven.surefire.testng.TestNGExecutor.run(TestNGExecutor.java:283)
at org.apache.maven.surefire.testng.TestNGXmlTestSuite.execute(TestNGXmlTestSuite.java:75)
at org.apache.maven.surefire.testng.TestNGProvider.invoke(TestNGProvider.java:120)
at org.apache.maven.surefire.booter.ForkedBooter.invokeProviderInSameClassLoader(ForkedBooter.java:384)
at org.apache.maven.surefire.booter.ForkedBooter.runSuitesInProcess(ForkedBooter.java:345)
at org.apache.maven.surefire.booter.ForkedBooter.execute(ForkedBooter.java:126)
at org.apache.maven.surefire.booter.ForkedBooter.main(ForkedBooter.java:418)
]]>
            </full-stacktrace>
          </exception> <!-- java.lang.AssertionError -->
          <reporter-output>
          </reporter-output>
        </test-method> <!-- endToEndValidation -->
        <test-method is-config="true" signature="teardown()[pri:0, instance:com.testcases.EndToEndTest@d176a31]" started-at="2023-05-14T01:07:47 IST" name="teardown" finished-at="2023-05-14T01:07:47 IST" duration-ms="0" status="PASS">
          <reporter-output>
          </reporter-output>
        </test-method> <!-- teardown -->
      </class> <!-- com.testcases.EndToEndTest -->
    </test> <!-- TestAll -->
  </suite> <!-- Suite -->
</testng-results>
